Loading required package: fields
Loading required package: spam
Package 'spam' is loaded. Spam version 0.22-0 (2010-06-08).
Type demo( spam) for some demos, help( Spam) for an overview
of this package.
Help for individual functions is optained by adding the
suffix '.spam' to the function name, e.g. 'help(chol.spam)'.

Attaching package: 'spam'

The following object(s) are masked from 'package:base':

    backsolve, forwardsolve, norm

 Use help(fields) for an overview of this library

library( fields, keep.source=TRUE) retains comments in the source code. 
Loading required package: RMySQL
Loading required package: DBI
Warning message:
In write.table(aqdat_query.df, file = filename_txt, append = T,  :
  appending column names to file
null device 
          1 
> proc.time()
   user  system elapsed 
  1.178   0.078   2.308 
